<?xml version="1.0" encoding="UTF-8"?>
<!-- Generated by org.testng.reporters.JUnitReportReporter -->
<testsuite hostname="RamSakhi" name="com.seleniumeasy.inputforms.CheckBoxDemoTest" tests="5" failures="0" timestamp="13 Mar 2017 22:19:26 GMT" time="1.444" errors="0">
  <testcase name="singleCheckBoxCheck" time="0.170" classname="com.seleniumeasy.inputforms.CheckBoxDemoTest"/>
  <testcase name="grpCBCheckAll" time="0.223" classname="com.seleniumeasy.inputforms.CheckBoxDemoTest"/>
  <testcase name="singleCheckBoxUncheck" time="0.079" classname="com.seleniumeasy.inputforms.CheckBoxDemoTest"/>
  <testcase name="TestgetCheckBoxDemo" time="0.843" classname="com.seleniumeasy.inputforms.CheckBoxDemoTest"/>
  <testcase name="grpCBUnCheckAll" time="0.129" classname="com.seleniumeasy.inputforms.CheckBoxDemoTest"/>
</testsuite> <!-- com.seleniumeasy.inputforms.CheckBoxDemoTest -->
