<?xml version="1.0" encoding="UTF-8"?>
<!-- Generated by org.testng.reporters.JUnitReportReporter -->
<testsuite hostname="RamSakhi" name="com.rest.CountryRestTest" tests="1" failures="0" timestamp="15 May 2017 13:08:59 GMT" time="0.415" errors="0">
  <testcase name="testAllCountries" time="0.415" classname="com.rest.CountryRestTest"/>
</testsuite> <!-- com.rest.CountryRestTest -->
