<?xml version="1.0" encoding="UTF-8"?>
<!-- Generated by org.testng.reporters.JUnitReportReporter -->
<testsuite hostname="RamSakhi" name="com.general.misc.CookieDemo" tests="1" failures="0" timestamp="14 Mar 2017 20:03:41 GMT" time="1.138" errors="0">
  <testcase name="manageCookie" time="1.138" classname="com.general.misc.CookieDemo"/>
</testsuite> <!-- com.general.misc.CookieDemo -->
