<?xml version="1.0" encoding="UTF-8"?>
<!-- Generated by org.testng.reporters.JUnitReportReporter -->
<testsuite hostname="RamSakhi" name="com.general.misc.FileUploadDemo" tests="1" failures="0" timestamp="14 Mar 2017 19:18:51 GMT" time="0.547" errors="0">
  <testcase name="uploadFile" time="0.547" classname="com.general.misc.FileUploadDemo"/>
</testsuite> <!-- com.general.misc.FileUploadDemo -->
