<?xml version="1.0" encoding="UTF-8"?>
<!-- Generated by org.testng.reporters.JUnitReportReporter -->
<testsuite hostname="RamSakhi" name="com.seleniumeasy.inputforms.CheckBoxDemoTest" tests="5" failures="0" timestamp="15 May 2017 13:17:06 GMT" time="1.376" errors="0">
  <testcase name="TestgetCheckBoxDemo" time="0.823" classname="com.seleniumeasy.inputforms.CheckBoxDemoTest"/>
  <testcase name="grpCBCheckAll" time="0.220" classname="com.seleniumeasy.inputforms.CheckBoxDemoTest"/>
  <testcase name="grpCBUnCheckAll" time="0.130" classname="com.seleniumeasy.inputforms.CheckBoxDemoTest"/>
  <testcase name="singleCheckBoxCheck" time="0.132" classname="com.seleniumeasy.inputforms.CheckBoxDemoTest"/>
  <testcase name="singleCheckBoxUncheck" time="0.071" classname="com.seleniumeasy.inputforms.CheckBoxDemoTest"/>
</testsuite> <!-- com.seleniumeasy.inputforms.CheckBoxDemoTest -->
