<?xml version="1.0" encoding="UTF-8"?>
<!-- Generated by org.testng.reporters.JUnitReportReporter -->
<testsuite hostname="RamSakhi" name="com.amazon.automation.HyperLinkTest" tests="1" failures="0" timestamp="15 May 2017 13:40:51 GMT" time="57.052" errors="0">
  <testcase name="linkCheck" time="57.052" classname="com.amazon.automation.HyperLinkTest"/>
</testsuite> <!-- com.amazon.automation.HyperLinkTest -->
