<?xml version="1.0" encoding="UTF-8"?>
<!-- Generated by org.testng.reporters.JUnitReportReporter -->
<testsuite hostname="RamSakhi" name="com.amazon.automation.LoginAmazonTest" tests="2" failures="0" timestamp="12 Apr 2017 23:16:43 GMT" time="23.811" errors="0">
  <testcase name="LogIn" time="22.275" classname="com.amazon.automation.LoginAmazonTest"/>
  <testcase name="ClickSignIn" time="1.536" classname="com.amazon.automation.LoginAmazonTest"/>
</testsuite> <!-- com.amazon.automation.LoginAmazonTest -->
