<?xml version="1.0" encoding="UTF-8"?>
<!-- Generated by org.testng.reporters.JUnitReportReporter -->
<testsuite hostname="RamSakhi" name="com.seleniumeasy.inputforms.RadioButtonDemoTest" tests="2" failures="0" timestamp="13 Mar 2017 23:45:11 GMT" time="0.899" errors="0">
  <testcase name="radioBtnDemo" time="0.196" classname="com.seleniumeasy.inputforms.RadioButtonDemoTest"/>
  <testcase name="getRadioBtnPage" time="0.703" classname="com.seleniumeasy.inputforms.RadioButtonDemoTest"/>
</testsuite> <!-- com.seleniumeasy.inputforms.RadioButtonDemoTest -->
